{
  message: 'Database Connected Okay',
  level: 'info',
  label: 'PH',
  timestamp: '2023-08-17T16:01:24.316Z'
}
{
  message: 'Application listening on port 5500',
  level: 'info',
  label: 'PH',
  timestamp: '2023-08-17T16:01:24.322Z'
}
{
  message: 'Database Connected Okay',
  level: 'info',
  label: 'PH',
  timestamp: '2023-08-17T16:04:10.277Z'
}
{
  message: 'Application listening on port 5500',
  level: 'info',
  label: 'PH',
  timestamp: '2023-08-17T16:04:10.280Z'
}
{
  message: 'Database Connected Okay',
  level: 'info',
  label: 'PH',
  timestamp: '2023-08-17T16:07:58.770Z'
}
{
  message: 'Application listening on port 5500',
  level: 'info',
  label: 'PH',
  timestamp: '2023-08-17T16:07:58.774Z'
}
{
  message: 'Database Connected Okay',
  level: 'info',
  label: 'PH',
  timestamp: '2023-08-17T16:08:08.891Z'
}
{
  message: 'Application listening on port 5500',
  level: 'info',
  label: 'PH',
  timestamp: '2023-08-17T16:08:08.894Z'
}
{
  message: 'Database Connected Okay',
  level: 'info',
  label: 'PH',
  timestamp: '2023-08-17T16:08:13.348Z'
}
{
  message: 'Application listening on port 5500',
  level: 'info',
  label: 'PH',
  timestamp: '2023-08-17T16:08:13.354Z'
}
{
  message: 'Database Connected Okay',
  level: 'info',
  label: 'PH',
  timestamp: '2023-08-17T16:08:43.252Z'
}
{
  message: 'Application listening on port 5500',
  level: 'info',
  label: 'PH',
  timestamp: '2023-08-17T16:08:43.260Z'
}
{
  message: 'Database Connected Okay',
  level: 'info',
  label: 'PH',
  timestamp: '2023-08-17T16:08:50.271Z'
}
{
  message: 'Application listening on port 5500',
  level: 'info',
  label: 'PH',
  timestamp: '2023-08-17T16:08:50.277Z'
}
{
  message: 'Database Connected Okay',
  level: 'info',
  label: 'PH',
  timestamp: '2023-08-17T16:14:32.330Z'
}
{
  message: 'Application listening on port 5500',
  level: 'info',
  label: 'PH',
  timestamp: '2023-08-17T16:14:32.333Z'
}
{
  message: 'Database Connected Okay',
  level: 'info',
  label: 'PH',
  timestamp: '2023-08-17T16:16:08.370Z'
}
{
  message: 'Application listening on port 5500',
  level: 'info',
  label: 'PH',
  timestamp: '2023-08-17T16:16:08.377Z'
}
{
  message: 'Database Connected Okay',
  level: 'info',
  label: 'PH',
  timestamp: '2023-08-17T16:16:15.032Z'
}
{
  message: 'Application listening on port 5500',
  level: 'info',
  label: 'PH',
  timestamp: '2023-08-17T16:16:15.040Z'
}
{
  message: 'Database Connected Okay',
  level: 'info',
  label: 'PH',
  timestamp: '2023-08-17T16:24:29.318Z'
}
{
  message: 'Application listening on port 5500',
  level: 'info',
  label: 'PH',
  timestamp: '2023-08-17T16:24:29.320Z'
}
{
  message: 'Database Connected Okay',
  level: 'info',
  label: 'PH',
  timestamp: '2023-08-17T16:28:55.439Z'
}
{
  message: 'Application listening on port 5500',
  level: 'info',
  label: 'PH',
  timestamp: '2023-08-17T16:28:55.444Z'
}
{
  message: 'Database Connected Okay',
  level: 'info',
  label: 'PH',
  timestamp: '2023-08-17T16:29:07.285Z'
}
{
  message: 'Application listening on port 5500',
  level: 'info',
  label: 'PH',
  timestamp: '2023-08-17T16:29:07.292Z'
}
{
  message: 'Database Connected Okay',
  level: 'info',
  label: 'PH',
  timestamp: '2023-08-17T16:29:39.575Z'
}
{
  message: 'Application listening on port 5500',
  level: 'info',
  label: 'PH',
  timestamp: '2023-08-17T16:29:39.583Z'
}
{
  message: 'Database Connected Okay',
  level: 'info',
  label: 'PH',
  timestamp: '2023-08-17T16:29:57.327Z'
}
{
  message: 'Application listening on port 5500',
  level: 'info',
  label: 'PH',
  timestamp: '2023-08-17T16:29:57.330Z'
}
{
  message: 'Database Connected Okay',
  level: 'info',
  label: 'PH',
  timestamp: '2023-08-17T16:30:04.812Z'
}
{
  message: 'Application listening on port 5500',
  level: 'info',
  label: 'PH',
  timestamp: '2023-08-17T16:30:04.816Z'
}
{
  message: 'Database Connected Okay',
  level: 'info',
  label: 'PH',
  timestamp: '2023-08-17T16:30:48.496Z'
}
{
  message: 'Application listening on port 5500',
  level: 'info',
  label: 'PH',
  timestamp: '2023-08-17T16:30:48.499Z'
}
{
  message: 'Database Connected Okay',
  level: 'info',
  label: 'PH',
  timestamp: '2023-08-17T16:30:55.861Z'
}
{
  message: 'Application listening on port 5500',
  level: 'info',
  label: 'PH',
  timestamp: '2023-08-17T16:30:55.864Z'
}
{
  message: 'Database Connected Okay',
  level: 'info',
  label: 'PH',
  timestamp: '2023-08-17T16:32:12.492Z'
}
{
  message: 'Application listening on port 5500',
  level: 'info',
  label: 'PH',
  timestamp: '2023-08-17T16:32:12.495Z'
}
{
  message: 'Database Connected Okay',
  level: 'info',
  label: 'PH',
  timestamp: '2023-08-17T16:32:22.800Z'
}
{
  message: 'Application listening on port 5500',
  level: 'info',
  label: 'PH',
  timestamp: '2023-08-17T16:32:22.803Z'
}
{
  message: 'Database Connected Okay',
  level: 'info',
  label: 'PH',
  timestamp: '2023-08-17T16:32:32.693Z'
}
{
  message: 'Application listening on port 5500',
  level: 'info',
  label: 'PH',
  timestamp: '2023-08-17T16:32:32.700Z'
}
{
  message: 'Database Connected Okay',
  level: 'info',
  label: 'PH',
  timestamp: '2023-08-17T16:33:43.578Z'
}
{
  message: 'Application listening on port 5500',
  level: 'info',
  label: 'PH',
  timestamp: '2023-08-17T16:33:43.581Z'
}
{
  message: 'Database Connected Okay',
  level: 'info',
  label: 'PH',
  timestamp: '2023-08-17T16:34:03.903Z'
}
{
  message: 'Application listening on port 5500',
  level: 'info',
  label: 'PH',
  timestamp: '2023-08-17T16:34:03.930Z'
}
{
  message: 'Database Connected Okay',
  level: 'info',
  label: 'PH',
  timestamp: '2023-08-17T16:37:12.710Z'
}
{
  message: 'Application listening on port 5500',
  level: 'info',
  label: 'PH',
  timestamp: '2023-08-17T16:37:12.721Z'
}
{
  message: 'Database Connected Okay',
  level: 'info',
  label: 'PH',
  timestamp: '2023-08-17T16:39:17.354Z'
}
{
  message: 'Application listening on port 5500',
  level: 'info',
  label: 'PH',
  timestamp: '2023-08-17T16:39:17.362Z'
}
