{
  message: 'SIGTERN is received',
  level: 'info',
  label: 'PH',
  timestamp: '2023-08-19T12:00:04.530Z'
}
{
  message: 'Database Connected Okay',
  level: 'info',
  label: 'PH',
  timestamp: '2023-08-19T12:08:01.555Z'
}
{
  message: 'Application listening on port 5500',
  level: 'info',
  label: 'PH',
  timestamp: '2023-08-19T12:08:01.564Z'
}
{
  message: 'SIGTERN is received',
  level: 'info',
  label: 'PH',
  timestamp: '2023-08-19T12:10:17.007Z'
}
{
  message: 'Database Connected Okay',
  level: 'info',
  label: 'PH',
  timestamp: '2023-08-19T12:10:43.334Z'
}
{
  message: 'Application listening on port 5500',
  level: 'info',
  label: 'PH',
  timestamp: '2023-08-19T12:10:43.344Z'
}
{
  message: 'SIGTERN is received',
  level: 'info',
  label: 'PH',
  timestamp: '2023-08-19T12:18:34.484Z'
}
{
  message: 'Database Connected Okay',
  level: 'info',
  label: 'PH',
  timestamp: '2023-08-19T12:26:16.672Z'
}
{
  message: 'Application listening on port 5500',
  level: 'info',
  label: 'PH',
  timestamp: '2023-08-19T12:26:16.681Z'
}
{
  message: 'SIGTERN is received',
  level: 'info',
  label: 'PH',
  timestamp: '2023-08-19T12:27:42.396Z'
}
{
  message: 'Database Connected Okay',
  level: 'info',
  label: 'PH',
  timestamp: '2023-08-19T12:34:39.785Z'
}
{
  message: 'Application listening on port 5500',
  level: 'info',
  label: 'PH',
  timestamp: '2023-08-19T12:34:39.793Z'
}
{
  message: 'SIGTERN is received',
  level: 'info',
  label: 'PH',
  timestamp: '2023-08-19T12:38:21.789Z'
}
{
  message: 'Database Connected Okay',
  level: 'info',
  label: 'PH',
  timestamp: '2023-08-19T12:41:03.974Z'
}
{
  message: 'Application listening on port 5500',
  level: 'info',
  label: 'PH',
  timestamp: '2023-08-19T12:41:03.985Z'
}
{
  message: 'SIGTERN is received',
  level: 'info',
  label: 'PH',
  timestamp: '2023-08-19T12:42:00.473Z'
}
