{
  message: 'Database Connected Okay',
  level: 'info',
  label: 'PH',
  timestamp: '2023-08-18T03:02:25.574Z'
}
{
  message: 'Application listening on port 5500',
  level: 'info',
  label: 'PH',
  timestamp: '2023-08-18T03:02:25.577Z'
}
{
  message: 'Database Connected Okay',
  level: 'info',
  label: 'PH',
  timestamp: '2023-08-18T03:02:37.395Z'
}
{
  message: 'Application listening on port 5500',
  level: 'info',
  label: 'PH',
  timestamp: '2023-08-18T03:02:37.399Z'
}
{
  message: 'Database Connected Okay',
  level: 'info',
  label: 'PH',
  timestamp: '2023-08-18T03:02:56.238Z'
}
{
  message: 'Application listening on port 5500',
  level: 'info',
  label: 'PH',
  timestamp: '2023-08-18T03:02:56.244Z'
}
{
  message: 'Database Connected Okay',
  level: 'info',
  label: 'PH',
  timestamp: '2023-08-18T03:03:00.043Z'
}
{
  message: 'Application listening on port 5500',
  level: 'info',
  label: 'PH',
  timestamp: '2023-08-18T03:03:00.046Z'
}
{
  message: 'Database Connected Okay',
  level: 'info',
  label: 'PH',
  timestamp: '2023-08-18T03:03:22.563Z'
}
{
  message: 'Application listening on port 5500',
  level: 'info',
  label: 'PH',
  timestamp: '2023-08-18T03:03:22.571Z'
}
{
  message: 'Database Connected Okay',
  level: 'info',
  label: 'PH',
  timestamp: '2023-08-18T03:05:00.192Z'
}
{
  message: 'Application listening on port 5500',
  level: 'info',
  label: 'PH',
  timestamp: '2023-08-18T03:05:00.200Z'
}
{
  message: 'Database Connected Okay',
  level: 'info',
  label: 'PH',
  timestamp: '2023-08-18T03:07:16.204Z'
}
{
  message: 'Application listening on port 5500',
  level: 'info',
  label: 'PH',
  timestamp: '2023-08-18T03:07:16.208Z'
}
{
  message: 'Database Connected Okay',
  level: 'info',
  label: 'PH',
  timestamp: '2023-08-18T03:07:21.328Z'
}
{
  message: 'Application listening on port 5500',
  level: 'info',
  label: 'PH',
  timestamp: '2023-08-18T03:07:21.331Z'
}
{
  message: 'Database Connected Okay',
  level: 'info',
  label: 'PH',
  timestamp: '2023-08-18T03:08:40.451Z'
}
{
  message: 'Application listening on port 5500',
  level: 'info',
  label: 'PH',
  timestamp: '2023-08-18T03:08:40.454Z'
}
{
  message: 'Database Connected Okay',
  level: 'info',
  label: 'PH',
  timestamp: '2023-08-18T03:09:22.074Z'
}
{
  message: 'Application listening on port 5500',
  level: 'info',
  label: 'PH',
  timestamp: '2023-08-18T03:09:22.077Z'
}
{
  message: 'Database Connected Okay',
  level: 'info',
  label: 'PH',
  timestamp: '2023-08-18T03:10:43.218Z'
}
{
  message: 'Application listening on port 5500',
  level: 'info',
  label: 'PH',
  timestamp: '2023-08-18T03:10:43.221Z'
}
{
  message: 'Database Connected Okay',
  level: 'info',
  label: 'PH',
  timestamp: '2023-08-18T03:16:23.979Z'
}
{
  message: 'Application listening on port 5500',
  level: 'info',
  label: 'PH',
  timestamp: '2023-08-18T03:16:23.982Z'
}
{
  message: 'Database Connected Okay',
  level: 'info',
  label: 'PH',
  timestamp: '2023-08-18T03:16:53.768Z'
}
{
  message: 'Application listening on port 5500',
  level: 'info',
  label: 'PH',
  timestamp: '2023-08-18T03:16:53.772Z'
}
{
  message: 'Database Connected Okay',
  level: 'info',
  label: 'PH',
  timestamp: '2023-08-18T03:17:08.770Z'
}
{
  message: 'Application listening on port 5500',
  level: 'info',
  label: 'PH',
  timestamp: '2023-08-18T03:17:08.776Z'
}
{
  message: 'Database Connected Okay',
  level: 'info',
  label: 'PH',
  timestamp: '2023-08-18T03:22:51.677Z'
}
{
  message: 'Application listening on port 5500',
  level: 'info',
  label: 'PH',
  timestamp: '2023-08-18T03:22:51.680Z'
}
{
  message: 'Database Connected Okay',
  level: 'info',
  label: 'PH',
  timestamp: '2023-08-18T03:23:05.841Z'
}
{
  message: 'Application listening on port 5500',
  level: 'info',
  label: 'PH',
  timestamp: '2023-08-18T03:23:05.845Z'
}
{
  message: 'Database Connected Okay',
  level: 'info',
  label: 'PH',
  timestamp: '2023-08-18T03:23:53.794Z'
}
{
  message: 'Application listening on port 5500',
  level: 'info',
  label: 'PH',
  timestamp: '2023-08-18T03:23:53.797Z'
}
{
  message: 'Database Connected Okay',
  level: 'info',
  label: 'PH',
  timestamp: '2023-08-18T03:41:25.299Z'
}
{
  message: 'Application listening on port 5500',
  level: 'info',
  label: 'PH',
  timestamp: '2023-08-18T03:41:25.308Z'
}
{
  message: 'Database Connected Okay',
  level: 'info',
  label: 'PH',
  timestamp: '2023-08-18T03:49:40.743Z'
}
{
  message: 'Application listening on port 5500',
  level: 'info',
  label: 'PH',
  timestamp: '2023-08-18T03:49:40.749Z'
}
{
  message: 'Database Connected Okay',
  level: 'info',
  label: 'PH',
  timestamp: '2023-08-18T03:50:17.753Z'
}
{
  message: 'Application listening on port 5500',
  level: 'info',
  label: 'PH',
  timestamp: '2023-08-18T03:50:17.758Z'
}
{
  message: 'Database Connected Okay',
  level: 'info',
  label: 'PH',
  timestamp: '2023-08-18T03:50:25.638Z'
}
{
  message: 'Application listening on port 5500',
  level: 'info',
  label: 'PH',
  timestamp: '2023-08-18T03:50:25.646Z'
}
{
  message: 'Database Connected Okay',
  level: 'info',
  label: 'PH',
  timestamp: '2023-08-18T03:50:30.733Z'
}
{
  message: 'Application listening on port 5500',
  level: 'info',
  label: 'PH',
  timestamp: '2023-08-18T03:50:30.736Z'
}
{
  message: 'Database Connected Okay',
  level: 'info',
  label: 'PH',
  timestamp: '2023-08-18T03:50:33.361Z'
}
{
  message: 'Application listening on port 5500',
  level: 'info',
  label: 'PH',
  timestamp: '2023-08-18T03:50:33.365Z'
}
{
  message: 'Database Connected Okay',
  level: 'info',
  label: 'PH',
  timestamp: '2023-08-18T03:50:38.918Z'
}
{
  message: 'Application listening on port 5500',
  level: 'info',
  label: 'PH',
  timestamp: '2023-08-18T03:50:38.923Z'
}
{
  message: 'Database Connected Okay',
  level: 'info',
  label: 'PH',
  timestamp: '2023-08-18T03:51:09.023Z'
}
{
  message: 'Application listening on port 5500',
  level: 'info',
  label: 'PH',
  timestamp: '2023-08-18T03:51:09.030Z'
}
{
  message: 'Database Connected Okay',
  level: 'info',
  label: 'PH',
  timestamp: '2023-08-18T03:51:31.553Z'
}
{
  message: 'Application listening on port 5500',
  level: 'info',
  label: 'PH',
  timestamp: '2023-08-18T03:51:31.564Z'
}
{
  message: 'Database Connected Okay',
  level: 'info',
  label: 'PH',
  timestamp: '2023-08-18T03:56:30.469Z'
}
{
  message: 'Application listening on port 5500',
  level: 'info',
  label: 'PH',
  timestamp: '2023-08-18T03:56:30.474Z'
}
{
  message: 'Database Connected Okay',
  level: 'info',
  label: 'PH',
  timestamp: '2023-08-18T03:57:02.602Z'
}
{
  message: 'Application listening on port 5500',
  level: 'info',
  label: 'PH',
  timestamp: '2023-08-18T03:57:02.605Z'
}
{
  message: 'Database Connected Okay',
  level: 'info',
  label: 'PH',
  timestamp: '2023-08-18T03:58:03.718Z'
}
{
  message: 'Application listening on port 5500',
  level: 'info',
  label: 'PH',
  timestamp: '2023-08-18T03:58:03.721Z'
}
{
  message: 'Database Connected Okay',
  level: 'info',
  label: 'PH',
  timestamp: '2023-08-18T03:59:01.150Z'
}
{
  message: 'Application listening on port 5500',
  level: 'info',
  label: 'PH',
  timestamp: '2023-08-18T03:59:01.153Z'
}
