{
  message: 'Database Connected Okay',
  level: 'info',
  label: 'PH',
  timestamp: '2023-08-17T15:19:40.495Z'
}
{
  message: 'Application listening on port 5500',
  level: 'info',
  label: 'PH',
  timestamp: '2023-08-17T15:19:40.497Z'
}
{
  message: 'Database Connected Okay',
  level: 'info',
  label: 'PH',
  timestamp: '2023-08-17T15:34:09.102Z'
}
{
  message: 'Application listening on port 5500',
  level: 'info',
  label: 'PH',
  timestamp: '2023-08-17T15:34:09.114Z'
}
{
  message: 'Database Connected Okay',
  level: 'info',
  label: 'PH',
  timestamp: '2023-08-17T15:34:30.026Z'
}
{
  message: 'Application listening on port 5500',
  level: 'info',
  label: 'PH',
  timestamp: '2023-08-17T15:34:30.032Z'
}
{
  message: 'Database Connected Okay',
  level: 'info',
  label: 'PH',
  timestamp: '2023-08-17T15:34:44.997Z'
}
{
  message: 'Application listening on port 5500',
  level: 'info',
  label: 'PH',
  timestamp: '2023-08-17T15:34:45.000Z'
}
{
  message: 'Database Connected Okay',
  level: 'info',
  label: 'PH',
  timestamp: '2023-08-17T15:34:47.018Z'
}
{
  message: 'Application listening on port 5500',
  level: 'info',
  label: 'PH',
  timestamp: '2023-08-17T15:34:47.025Z'
}
{
  message: 'Database Connected Okay',
  level: 'info',
  label: 'PH',
  timestamp: '2023-08-17T15:35:58.069Z'
}
{
  message: 'Application listening on port 5500',
  level: 'info',
  label: 'PH',
  timestamp: '2023-08-17T15:35:58.076Z'
}
{
  message: 'Database Connected Okay',
  level: 'info',
  label: 'PH',
  timestamp: '2023-08-17T15:37:07.449Z'
}
{
  message: 'Application listening on port 5500',
  level: 'info',
  label: 'PH',
  timestamp: '2023-08-17T15:37:07.456Z'
}
{
  message: 'Database Connected Okay',
  level: 'info',
  label: 'PH',
  timestamp: '2023-08-17T15:37:14.964Z'
}
{
  message: 'Application listening on port 5500',
  level: 'info',
  label: 'PH',
  timestamp: '2023-08-17T15:37:14.967Z'
}
{
  message: 'Database Connected Okay',
  level: 'info',
  label: 'PH',
  timestamp: '2023-08-17T15:38:18.486Z'
}
{
  message: 'Application listening on port 5500',
  level: 'info',
  label: 'PH',
  timestamp: '2023-08-17T15:38:18.492Z'
}
{
  message: 'Database Connected Okay',
  level: 'info',
  label: 'PH',
  timestamp: '2023-08-17T15:38:32.623Z'
}
{
  message: 'Application listening on port 5500',
  level: 'info',
  label: 'PH',
  timestamp: '2023-08-17T15:38:32.631Z'
}
{
  message: 'Database Connected Okay',
  level: 'info',
  label: 'PH',
  timestamp: '2023-08-17T15:39:40.108Z'
}
{
  message: 'Application listening on port 5500',
  level: 'info',
  label: 'PH',
  timestamp: '2023-08-17T15:39:40.116Z'
}
{
  message: 'Database Connected Okay',
  level: 'info',
  label: 'PH',
  timestamp: '2023-08-17T15:40:57.147Z'
}
{
  message: 'Application listening on port 5500',
  level: 'info',
  label: 'PH',
  timestamp: '2023-08-17T15:40:57.150Z'
}
{
  message: 'Database Connected Okay',
  level: 'info',
  label: 'PH',
  timestamp: '2023-08-17T15:46:02.902Z'
}
{
  message: 'Application listening on port 5500',
  level: 'info',
  label: 'PH',
  timestamp: '2023-08-17T15:46:02.905Z'
}
{
  message: 'Database Connected Okay',
  level: 'info',
  label: 'PH',
  timestamp: '2023-08-17T15:46:57.885Z'
}
{
  message: 'Application listening on port 5500',
  level: 'info',
  label: 'PH',
  timestamp: '2023-08-17T15:46:57.890Z'
}
{
  message: 'Database Connected Okay',
  level: 'info',
  label: 'PH',
  timestamp: '2023-08-17T15:47:09.372Z'
}
{
  message: 'Application listening on port 5500',
  level: 'info',
  label: 'PH',
  timestamp: '2023-08-17T15:47:09.380Z'
}
{
  message: 'Database Connected Okay',
  level: 'info',
  label: 'PH',
  timestamp: '2023-08-17T15:47:31.350Z'
}
{
  message: 'Application listening on port 5500',
  level: 'info',
  label: 'PH',
  timestamp: '2023-08-17T15:47:31.353Z'
}
{
  message: 'Database Connected Okay',
  level: 'info',
  label: 'PH',
  timestamp: '2023-08-17T15:48:14.778Z'
}
{
  message: 'Application listening on port 5500',
  level: 'info',
  label: 'PH',
  timestamp: '2023-08-17T15:48:14.781Z'
}
{
  message: 'Database Connected Okay',
  level: 'info',
  label: 'PH',
  timestamp: '2023-08-17T15:49:38.143Z'
}
{
  message: 'Application listening on port 5500',
  level: 'info',
  label: 'PH',
  timestamp: '2023-08-17T15:49:38.147Z'
}
{
  message: 'Database Connected Okay',
  level: 'info',
  label: 'PH',
  timestamp: '2023-08-17T15:49:59.763Z'
}
{
  message: 'Application listening on port 5500',
  level: 'info',
  label: 'PH',
  timestamp: '2023-08-17T15:49:59.769Z'
}
{
  message: 'Database Connected Okay',
  level: 'info',
  label: 'PH',
  timestamp: '2023-08-17T15:50:54.437Z'
}
{
  message: 'Application listening on port 5500',
  level: 'info',
  label: 'PH',
  timestamp: '2023-08-17T15:50:54.440Z'
}
{
  message: 'Database Connected Okay',
  level: 'info',
  label: 'PH',
  timestamp: '2023-08-17T15:51:03.941Z'
}
{
  message: 'Application listening on port 5500',
  level: 'info',
  label: 'PH',
  timestamp: '2023-08-17T15:51:03.962Z'
}
{
  message: 'Database Connected Okay',
  level: 'info',
  label: 'PH',
  timestamp: '2023-08-17T15:53:24.935Z'
}
{
  message: 'Application listening on port 5500',
  level: 'info',
  label: 'PH',
  timestamp: '2023-08-17T15:53:24.938Z'
}
{
  message: 'Database Connected Okay',
  level: 'info',
  label: 'PH',
  timestamp: '2023-08-17T15:53:47.575Z'
}
{
  message: 'Application listening on port 5500',
  level: 'info',
  label: 'PH',
  timestamp: '2023-08-17T15:53:47.578Z'
}
{
  message: 'Database Connected Okay',
  level: 'info',
  label: 'PH',
  timestamp: '2023-08-17T15:55:37.480Z'
}
{
  message: 'Application listening on port 5500',
  level: 'info',
  label: 'PH',
  timestamp: '2023-08-17T15:55:37.483Z'
}
{
  message: 'Database Connected Okay',
  level: 'info',
  label: 'PH',
  timestamp: '2023-08-17T15:56:25.321Z'
}
{
  message: 'Application listening on port 5500',
  level: 'info',
  label: 'PH',
  timestamp: '2023-08-17T15:56:25.324Z'
}
{
  message: 'Database Connected Okay',
  level: 'info',
  label: 'PH',
  timestamp: '2023-08-17T15:56:55.799Z'
}
{
  message: 'Application listening on port 5500',
  level: 'info',
  label: 'PH',
  timestamp: '2023-08-17T15:56:55.804Z'
}
{
  message: 'Database Connected Okay',
  level: 'info',
  label: 'PH',
  timestamp: '2023-08-17T15:57:05.409Z'
}
{
  message: 'Application listening on port 5500',
  level: 'info',
  label: 'PH',
  timestamp: '2023-08-17T15:57:05.415Z'
}
{
  message: 'Database Connected Okay',
  level: 'info',
  label: 'PH',
  timestamp: '2023-08-17T15:59:08.823Z'
}
{
  message: 'Application listening on port 5500',
  level: 'info',
  label: 'PH',
  timestamp: '2023-08-17T15:59:08.839Z'
}
