{
  message: 'Database Connected Okay',
  level: 'info',
  label: 'PH',
  timestamp: '2023-08-17T17:29:18.699Z'
}
{
  message: 'Application listening on port 5500',
  level: 'info',
  label: 'PH',
  timestamp: '2023-08-17T17:29:18.706Z'
}
{
  message: 'Database Connected Okay',
  level: 'info',
  label: 'PH',
  timestamp: '2023-08-17T17:30:27.412Z'
}
{
  message: 'Application listening on port 5500',
  level: 'info',
  label: 'PH',
  timestamp: '2023-08-17T17:30:27.421Z'
}
{
  message: 'Database Connected Okay',
  level: 'info',
  label: 'PH',
  timestamp: '2023-08-17T17:30:44.390Z'
}
{
  message: 'Application listening on port 5500',
  level: 'info',
  label: 'PH',
  timestamp: '2023-08-17T17:30:44.393Z'
}
{
  message: 'Database Connected Okay',
  level: 'info',
  label: 'PH',
  timestamp: '2023-08-17T17:31:18.263Z'
}
{
  message: 'Application listening on port 5500',
  level: 'info',
  label: 'PH',
  timestamp: '2023-08-17T17:31:18.266Z'
}
{
  message: 'Database Connected Okay',
  level: 'info',
  label: 'PH',
  timestamp: '2023-08-17T17:32:33.719Z'
}
{
  message: 'Application listening on port 5500',
  level: 'info',
  label: 'PH',
  timestamp: '2023-08-17T17:32:33.727Z'
}
{
  message: 'Database Connected Okay',
  level: 'info',
  label: 'PH',
  timestamp: '2023-08-17T17:33:12.189Z'
}
{
  message: 'Application listening on port 5500',
  level: 'info',
  label: 'PH',
  timestamp: '2023-08-17T17:33:12.196Z'
}
{
  message: 'Database Connected Okay',
  level: 'info',
  label: 'PH',
  timestamp: '2023-08-17T17:33:48.884Z'
}
{
  message: 'Application listening on port 5500',
  level: 'info',
  label: 'PH',
  timestamp: '2023-08-17T17:33:48.892Z'
}
{
  message: 'Database Connected Okay',
  level: 'info',
  label: 'PH',
  timestamp: '2023-08-17T17:38:23.828Z'
}
{
  message: 'Application listening on port 5500',
  level: 'info',
  label: 'PH',
  timestamp: '2023-08-17T17:38:23.831Z'
}
{
  message: 'Database Connected Okay',
  level: 'info',
  label: 'PH',
  timestamp: '2023-08-17T17:38:47.582Z'
}
{
  message: 'Application listening on port 5500',
  level: 'info',
  label: 'PH',
  timestamp: '2023-08-17T17:38:47.585Z'
}
{
  message: 'Database Connected Okay',
  level: 'info',
  label: 'PH',
  timestamp: '2023-08-17T17:39:23.033Z'
}
{
  message: 'Application listening on port 5500',
  level: 'info',
  label: 'PH',
  timestamp: '2023-08-17T17:39:23.037Z'
}
