{
  message: 'SIGTERN is received',
  level: 'info',
  label: 'PH',
  timestamp: '2023-08-24T16:01:56.003Z'
}
{
  message: 'Database Connected Okay',
  level: 'info',
  label: 'PH',
  timestamp: '2023-08-24T16:02:15.897Z'
}
{
  message: 'Application listening on port 5500',
  level: 'info',
  label: 'PH',
  timestamp: '2023-08-24T16:02:15.908Z'
}
{
  message: 'Database Connected Okay',
  level: 'info',
  label: 'PH',
  timestamp: '2023-08-24T16:03:11.883Z'
}
{
  message: 'Application listening on port 5500',
  level: 'info',
  label: 'PH',
  timestamp: '2023-08-24T16:03:11.894Z'
}
{
  message: 'SIGTERN is received',
  level: 'info',
  label: 'PH',
  timestamp: '2023-08-24T16:08:13.452Z'
}
Thu Aug 24 2023 22:16:20 GMT+0600 (Bangladesh Standard Time) 22 : 16 : 20 } [PH] info : Database Connected Okay
Thu Aug 24 2023 22:16:20 GMT+0600 (Bangladesh Standard Time) 22 : 16 : 20 } [PH] info : Application listening on port 5500
Thu Aug 24 2023 22:42:33 GMT+0600 (Bangladesh Standard Time) 22 : 42 : 33 } [PH] info : Database Connected Okay
Thu Aug 24 2023 22:42:33 GMT+0600 (Bangladesh Standard Time) 22 : 42 : 33 } [PH] info : Application listening on port 5500
