{
  statusCode: 409,
  level: 'error',
  label: 'right meow!',
  timestamp: '2023-08-25T03:40:08.112Z'
}
{
  errno: undefined,
  code: 'ETIMEOUT',
  syscall: 'querySrv',
  hostname: '_mongodb._tcp.cluster0.wa0jwjm.mongodb.net',
  level: 'error',
  message: 'Failed to connect database querySrv ETIMEOUT _mongodb._tcp.cluster0.wa0jwjm.mongodb.net',
  stack: 'Error: querySrv ETIMEOUT _mongodb._tcp.cluster0.wa0jwjm.mongodb.net\n' +
    '    at QueryReqWrap.onresolve [as oncomplete] (node:internal/dns/promises:251:17)',
  label: 'right meow!',
  timestamp: '2023-08-25T03:43:11.325Z'
}
{
  errno: undefined,
  code: 'ETIMEOUT',
  syscall: 'querySrv',
  hostname: '_mongodb._tcp.cluster0.wa0jwjm.mongodb.net',
  level: 'error',
  message: 'Failed to connect database querySrv ETIMEOUT _mongodb._tcp.cluster0.wa0jwjm.mongodb.net',
  stack: 'Error: querySrv ETIMEOUT _mongodb._tcp.cluster0.wa0jwjm.mongodb.net\n' +
    '    at QueryReqWrap.onresolve [as oncomplete] (node:internal/dns/promises:251:17)',
  label: 'right meow!',
  timestamp: '2023-08-25T03:44:21.759Z'
}
{
  statusCode: 409,
  level: 'error',
  label: 'right meow!',
  timestamp: '2023-08-25T03:53:26.094Z'
}
