{
  message: 'Unhandled Rejection is detected, we are closing our server.....',
  level: 'error',
  label: 'right meow!',
  timestamp: '2023-08-24T12:09:13.518Z'
}
{
  statusCode: 409,
  level: 'error',
  label: 'right meow!',
  timestamp: '2023-08-24T12:09:52.712Z'
}
{
  message: 'Unhandled Rejection is detected, we are closing our server.....',
  level: 'error',
  label: 'right meow!',
  timestamp: '2023-08-24T12:12:32.288Z'
}
{
  message: 'Unhandled Rejection is detected, we are closing our server.....',
  level: 'error',
  label: 'right meow!',
  timestamp: '2023-08-24T12:14:43.307Z'
}
{
  statusCode: 409,
  level: 'error',
  label: 'right meow!',
  timestamp: '2023-08-24T12:16:35.063Z'
}
{
  message: 'Unhandled Rejection is detected, we are closing our server.....',
  level: 'error',
  label: 'right meow!',
  timestamp: '2023-08-24T12:19:29.203Z'
}
