{
  statusCode: 400,
  level: 'error',
  message: 'Unhandled Rejection is detected, we are closing our server..... Invalid Semester Code',
  stack: 'Error: Invalid Semester Code\n' +
    '    at /Users/monirulislam/Movies/Next Level Developer/university-management-service/src/app/modules/academicSemester/academicSemester.services.ts:11:11\n' +
    '    at Generator.next (<anonymous>)\n' +
    '    at /Users/monirulislam/Movies/Next Level Developer/university-management-service/src/app/modules/academicSemester/academicSemester.services.ts:8:71\n' +
    '    at new Promise (<anonymous>)\n' +
    '    at __awaiter (/Users/monirulislam/Movies/Next Level Developer/university-management-service/src/app/modules/academicSemester/academicSemester.services.ts:4:12)\n' +
    '    at Object.createSemester (/Users/monirulislam/Movies/Next Level Developer/university-management-service/src/app/modules/academicSemester/academicSemester.services.ts:9:33)\n' +
    '    at /Users/monirulislam/Movies/Next Level Developer/university-management-service/src/app/modules/academicSemester/academicSemester.controller.ts:11:50\n' +
    '    at Generator.next (<anonymous>)\n' +
    '    at /Users/monirulislam/Movies/Next Level Developer/university-management-service/src/app/modules/academicSemester/academicSemester.controller.ts:8:71\n' +
    '    at new Promise (<anonymous>)',
  label: 'right meow!',
  timestamp: '2023-08-24T16:02:16.003Z'
}
{
  statusCode: 400,
  level: 'error',
  label: 'right meow!',
  timestamp: '2023-08-24T16:02:16.382Z'
}
{
  statusCode: 409,
  level: 'error',
  message: 'Unhandled Rejection is detected, we are closing our server..... Academic Semester is already exist!',
  stack: 'Error: Academic Semester is already exist!\n' +
    '    at model.<anonymous> (/Users/monirulislam/Movies/Next Level Developer/university-management-service/src/app/modules/academicSemester/academicSemester.model.ts:49:11)\n' +
    '    at Generator.next (<anonymous>)\n' +
    '    at fulfilled (/Users/monirulislam/Movies/Next Level Developer/university-management-service/src/app/modules/academicSemester/academicSemester.model.ts:5:58)\n' +
    '    at processTicksAndRejections (node:internal/process/task_queues:95:5)',
  label: 'right meow!',
  timestamp: '2023-08-24T16:03:43.575Z'
}
Thu Aug 24 2023 22:18:04 GMT+0600 (Bangladesh Standard Time) 22 : 18 : 4 } [right meow!] error : Academic Semester is already exist!
Thu Aug 24 2023 22:45:27 GMT+0600 (Bangladesh Standard Time) 22 : 45 : 27 } [right meow!] error : Academic Semester is already exist!
